2022-12-20T00:31:53.644032+0500 INFO N = 7
2022-12-20T00:31:53.644032+0500 INFO hidden_number = 1
2022-12-20T00:31:56.499971+0500 INFO K = 3
2022-12-20T00:31:58.376954+0500 ERROR user_number = 12
2022-12-20T00:32:02.175218+0500 INFO user_number = 3
2022-12-20T00:32:02.175218+0500 INFO Attemppt_result = Загаданное число меньше вашего
2022-12-20T00:32:06.753180+0500 INFO user_number = 2
2022-12-20T00:32:06.753180+0500 INFO Attemppt_result = Загаданное число меньше вашего
2022-12-20T00:32:08.734213+0500 INFO user_number = 1
2022-12-20T00:32:08.734213+0500 INFO End_result = Поздравляем, вы угадали!
2022-12-20T00:33:40.184875+0500 INFO N = 10
2022-12-20T00:33:40.185942+0500 INFO hidden_number = 9
2022-12-20T00:33:41.024840+0500 INFO K = 5
2022-12-20T00:33:44.941403+0500 ERROR user_number = -5
2022-12-20T00:33:47.182186+0500 ERROR user_number = 55
2022-12-20T00:33:49.575850+0500 INFO user_number = 5
2022-12-20T00:33:49.575850+0500 INFO Attemppt_result = Загаданное число больше вашего
2022-12-20T00:33:51.770097+0500 INFO user_number = 7
2022-12-20T00:33:51.770097+0500 INFO Attemppt_result = Загаданное число больше вашего
2022-12-20T00:33:53.122365+0500 INFO user_number = 9
2022-12-20T00:33:53.122365+0500 INFO End_result = Поздравляем, вы угадали!
