2022-11-23T17:38:14.734410+0500 ERROR figure1 = ckjy
2022-11-23T17:38:16.282494+0500 INFO figure1 = слон
2022-11-23T17:38:17.490629+0500 INFO k = 1
2022-11-23T17:38:18.105303+0500 INFO l = 2
2022-11-23T17:38:19.433067+0500 INFO figure2 = конь
2022-11-23T17:38:20.261743+0500 INFO m = 5
2022-11-23T17:38:20.771417+0500 INFO n = 2
2022-11-23T17:38:20.771417+0500 INFO answera = Фигуры находятся на клетках одинакового цвета
2022-11-23T17:38:20.771417+0500 INFO answerb = Не угрожает
2022-11-23T17:38:20.771417+0500 INFO answerc = За 1 ход не выйдет. В 1 ход переместить в (3,4), 2 ходом попадаем на поле 2й фигуры.
2022-11-23T17:38:28.440096+0500 INFO figure1 = ферзь
2022-11-23T17:38:29.171579+0500 INFO k = 2
2022-11-23T17:38:29.929231+0500 INFO l = 7
2022-11-23T17:38:33.415072+0500 INFO figure2 = слон
2022-11-23T17:38:33.987724+0500 INFO m = 2
2022-11-23T17:38:35.060108+0500 INFO n = 5
2022-11-23T17:38:35.061109+0500 INFO answera = Фигуры находятся на клетках одинакового цвета
2022-11-23T17:38:35.061109+0500 INFO answerb = Угрожает
2022-11-23T17:38:35.061109+0500 INFO answerc = С поля фигуры 1 можно попасть на поле фигуры 2.
2022-11-23T17:38:46.930413+0500 ERROR figure1 = ладьЯ
2022-11-23T17:38:48.083992+0500 ERROR figure1 = 1
2022-11-23T17:38:50.934054+0500 ERROR figure1 = Ладья
2022-11-23T17:38:52.416089+0500 INFO figure1 = ладья
2022-11-23T17:38:53.579396+0500 ERROR k = 22
2022-11-23T17:38:54.448784+0500 INFO k = 3
2022-11-23T17:38:55.252186+0500 INFO l = 7
2022-11-23T17:38:59.245486+0500 INFO figure2 = ферзь
2022-11-23T17:39:00.264377+0500 INFO m = 2
2022-11-23T17:39:01.707285+0500 ERROR n = 78
2022-11-23T17:39:02.273566+0500 INFO n = 7
2022-11-23T17:39:02.274553+0500 INFO answera = Фигуры находятся на клетках разных цветов
2022-11-23T17:39:02.274553+0500 INFO answerb = Угрожает
2022-11-23T17:39:02.274553+0500 INFO answerc = С поля фигуры 1 можно попасть на поле фигуры 2.
