2022-12-20T17:31:48.394282+0500 INFO N = 7
2022-12-20T17:31:48.394282+0500 INFO Not_used_numbers = [1, 2, 3, 4, 5, 6, 7]
2022-12-20T17:31:50.223902+0500 INFO Button = 1
2022-12-20T17:31:50.223902+0500 INFO Selected_number = 3
2022-12-20T17:31:50.223902+0500 INFO Used_numbers = [3]
2022-12-20T17:31:50.223902+0500 INFO Not_used_numbers = [1, 2, 4, 5, 6, 7]
2022-12-20T17:31:51.040501+0500 INFO Button = 1
2022-12-20T17:31:51.040501+0500 INFO Selected_number = 5
2022-12-20T17:31:51.040501+0500 INFO Used_numbers = [3, 5]
2022-12-20T17:31:51.040501+0500 INFO Not_used_numbers = [1, 2, 4, 6, 7]
2022-12-20T17:31:51.774918+0500 INFO Button = 1
2022-12-20T17:31:51.774918+0500 INFO Selected_number = 6
2022-12-20T17:31:51.774918+0500 INFO Used_numbers = [3, 5, 6]
2022-12-20T17:31:51.774918+0500 INFO Not_used_numbers = [1, 2, 4, 7]
2022-12-20T17:31:52.477134+0500 INFO Button = 1
2022-12-20T17:31:52.477134+0500 INFO Selected_number = 7
2022-12-20T17:31:52.477134+0500 INFO Used_numbers = [3, 5, 6, 7]
2022-12-20T17:31:52.477134+0500 INFO Not_used_numbers = [1, 2, 4]
2022-12-20T17:31:53.218438+0500 INFO Button = 1
2022-12-20T17:31:53.218438+0500 INFO Selected_number = 4
2022-12-20T17:31:53.218438+0500 INFO Used_numbers = [3, 5, 6, 7, 4]
2022-12-20T17:31:53.219409+0500 INFO Not_used_numbers = [1, 2]
2022-12-20T17:31:54.034025+0500 INFO Button = 1
2022-12-20T17:31:54.034025+0500 INFO Selected_number = 2
2022-12-20T17:31:54.034025+0500 INFO Used_numbers = [3, 5, 6, 7, 4, 2]
2022-12-20T17:31:54.034025+0500 INFO Not_used_numbers = [1]
2022-12-20T17:31:54.786041+0500 INFO Button = 1
2022-12-20T17:31:54.787039+0500 INFO Selected_number = 1
2022-12-20T17:31:54.787039+0500 INFO Used_numbers = [3, 5, 6, 7, 4, 2, 1]
2022-12-20T17:31:54.787039+0500 INFO Not_used_numbers = []
2022-12-20T17:31:54.787039+0500 INFO Program finished!
2022-12-20T17:32:48.328649+0500 INFO N = 13
2022-12-20T17:32:48.329646+0500 INFO Not_used_numbers = [1, 2, 3, 4, 5, 6, 7, 8, 9, 10, 11, 12, 13]
2022-12-20T17:32:49.331344+0500 INFO Button = 1
2022-12-20T17:32:49.331344+0500 INFO Selected_number = 9
2022-12-20T17:32:49.331344+0500 INFO Used_numbers = [9]
2022-12-20T17:32:49.331344+0500 INFO Not_used_numbers = [1, 2, 3, 4, 5, 6, 7, 8, 10, 11, 12, 13]
2022-12-20T17:32:50.056899+0500 INFO Button = 1
2022-12-20T17:32:50.056899+0500 INFO Selected_number = 4
2022-12-20T17:32:50.056899+0500 INFO Used_numbers = [9, 4]
2022-12-20T17:32:50.056899+0500 INFO Not_used_numbers = [1, 2, 3, 5, 6, 7, 8, 10, 11, 12, 13]
2022-12-20T17:32:50.712796+0500 INFO Button = 1
2022-12-20T17:32:50.712796+0500 INFO Selected_number = 12
2022-12-20T17:32:50.712796+0500 INFO Used_numbers = [9, 4, 12]
2022-12-20T17:32:50.712796+0500 INFO Not_used_numbers = [1, 2, 3, 5, 6, 7, 8, 10, 11, 13]
2022-12-20T17:32:51.364807+0500 INFO Button = 1
2022-12-20T17:32:51.364807+0500 INFO Selected_number = 13
2022-12-20T17:32:51.364807+0500 INFO Used_numbers = [9, 4, 12, 13]
2022-12-20T17:32:51.364807+0500 INFO Not_used_numbers = [1, 2, 3, 5, 6, 7, 8, 10, 11]
2022-12-20T17:32:52.030633+0500 INFO Button = 1
2022-12-20T17:32:52.030633+0500 INFO Selected_number = 10
2022-12-20T17:32:52.030633+0500 INFO Used_numbers = [9, 4, 12, 13, 10]
2022-12-20T17:32:52.030633+0500 INFO Not_used_numbers = [1, 2, 3, 5, 6, 7, 8, 11]
2022-12-20T17:32:52.709275+0500 INFO Button = 1
2022-12-20T17:32:52.709275+0500 INFO Selected_number = 2
2022-12-20T17:32:52.709275+0500 INFO Used_numbers = [9, 4, 12, 13, 10, 2]
2022-12-20T17:32:52.709275+0500 INFO Not_used_numbers = [1, 3, 5, 6, 7, 8, 11]
2022-12-20T17:32:53.356020+0500 INFO Button = 1
2022-12-20T17:32:53.356020+0500 INFO Selected_number = 6
2022-12-20T17:32:53.356020+0500 INFO Used_numbers = [9, 4, 12, 13, 10, 2, 6]
2022-12-20T17:32:53.356020+0500 INFO Not_used_numbers = [1, 3, 5, 7, 8, 11]
2022-12-20T17:32:53.943668+0500 INFO Button = 1
2022-12-20T17:32:53.943668+0500 INFO Selected_number = 3
2022-12-20T17:32:53.943668+0500 INFO Used_numbers = [9, 4, 12, 13, 10, 2, 6, 3]
2022-12-20T17:32:53.943668+0500 INFO Not_used_numbers = [1, 5, 7, 8, 11]
2022-12-20T17:32:54.551327+0500 INFO Button = 1
2022-12-20T17:32:54.552327+0500 INFO Selected_number = 11
2022-12-20T17:32:54.552327+0500 INFO Used_numbers = [9, 4, 12, 13, 10, 2, 6, 3, 11]
2022-12-20T17:32:54.552327+0500 INFO Not_used_numbers = [1, 5, 7, 8]
2022-12-20T17:32:55.199656+0500 INFO Button = 1
2022-12-20T17:32:55.199656+0500 INFO Selected_number = 8
2022-12-20T17:32:55.199656+0500 INFO Used_numbers = [9, 4, 12, 13, 10, 2, 6, 3, 11, 8]
2022-12-20T17:32:55.199656+0500 INFO Not_used_numbers = [1, 5, 7]
2022-12-20T17:32:55.862607+0500 INFO Button = 1
2022-12-20T17:32:55.862607+0500 INFO Selected_number = 7
2022-12-20T17:32:55.862607+0500 INFO Used_numbers = [9, 4, 12, 13, 10, 2, 6, 3, 11, 8, 7]
2022-12-20T17:32:55.862607+0500 INFO Not_used_numbers = [1, 5]
2022-12-20T17:32:56.490570+0500 INFO Button = 1
2022-12-20T17:32:56.490570+0500 INFO Selected_number = 1
2022-12-20T17:32:56.490570+0500 INFO Used_numbers = [9, 4, 12, 13, 10, 2, 6, 3, 11, 8, 7, 1]
2022-12-20T17:32:56.490570+0500 INFO Not_used_numbers = [5]
2022-12-20T17:32:57.177041+0500 INFO Button = 1
2022-12-20T17:32:57.177041+0500 INFO Selected_number = 5
2022-12-20T17:32:57.177041+0500 INFO Used_numbers = [9, 4, 12, 13, 10, 2, 6, 3, 11, 8, 7, 1, 5]
2022-12-20T17:32:57.177041+0500 INFO Not_used_numbers = []
2022-12-20T17:32:57.177041+0500 INFO Program finished!
2022-12-20T17:33:39.668445+0500 INFO N = 25
2022-12-20T17:33:39.668445+0500 INFO Not_used_numbers = [1, 2, 3, 4, 5, 6, 7, 8, 9, 10, 11, 12, 13, 14, 15, 16, 17, 18, 19, 20, 21, 22, 23, 24, 25]
2022-12-20T17:33:41.337087+0500 INFO Button = 1
2022-12-20T17:33:41.338087+0500 INFO Selected_number = 14
2022-12-20T17:33:41.338087+0500 INFO Used_numbers = [14]
2022-12-20T17:33:41.338087+0500 INFO Not_used_numbers = [1, 2, 3, 4, 5, 6, 7, 8, 9, 10, 11, 12, 13, 15, 16, 17, 18, 19, 20, 21, 22, 23, 24, 25]
2022-12-20T17:33:42.000916+0500 INFO Button = 1
2022-12-20T17:33:42.000916+0500 INFO Selected_number = 20
2022-12-20T17:33:42.000916+0500 INFO Used_numbers = [14, 20]
2022-12-20T17:33:42.000916+0500 INFO Not_used_numbers = [1, 2, 3, 4, 5, 6, 7, 8, 9, 10, 11, 12, 13, 15, 16, 17, 18, 19, 21, 22, 23, 24, 25]
2022-12-20T17:33:42.648255+0500 INFO Button = 1
2022-12-20T17:33:42.648255+0500 INFO Selected_number = 12
2022-12-20T17:33:42.648255+0500 INFO Used_numbers = [14, 20, 12]
2022-12-20T17:33:42.648255+0500 INFO Not_used_numbers = [1, 2, 3, 4, 5, 6, 7, 8, 9, 10, 11, 13, 15, 16, 17, 18, 19, 21, 22, 23, 24, 25]
2022-12-20T17:33:43.330801+0500 INFO Button = 1
2022-12-20T17:33:43.330801+0500 INFO Selected_number = 21
2022-12-20T17:33:43.330801+0500 INFO Used_numbers = [14, 20, 12, 21]
2022-12-20T17:33:43.330801+0500 INFO Not_used_numbers = [1, 2, 3, 4, 5, 6, 7, 8, 9, 10, 11, 13, 15, 16, 17, 18, 19, 22, 23, 24, 25]
2022-12-20T17:33:44.031128+0500 INFO Button = 1
2022-12-20T17:33:44.031128+0500 INFO Selected_number = 22
2022-12-20T17:33:44.031128+0500 INFO Used_numbers = [14, 20, 12, 21, 22]
2022-12-20T17:33:44.031128+0500 INFO Not_used_numbers = [1, 2, 3, 4, 5, 6, 7, 8, 9, 10, 11, 13, 15, 16, 17, 18, 19, 23, 24, 25]
2022-12-20T17:33:44.695468+0500 INFO Button = 1
2022-12-20T17:33:44.695468+0500 INFO Selected_number = 5
2022-12-20T17:33:44.695468+0500 INFO Used_numbers = [14, 20, 12, 21, 22, 5]
2022-12-20T17:33:44.695468+0500 INFO Not_used_numbers = [1, 2, 3, 4, 6, 7, 8, 9, 10, 11, 13, 15, 16, 17, 18, 19, 23, 24, 25]
2022-12-20T17:33:45.344604+0500 INFO Button = 1
2022-12-20T17:33:45.345604+0500 INFO Selected_number = 4
2022-12-20T17:33:45.345604+0500 INFO Used_numbers = [14, 20, 12, 21, 22, 5, 4]
2022-12-20T17:33:45.345604+0500 INFO Not_used_numbers = [1, 2, 3, 6, 7, 8, 9, 10, 11, 13, 15, 16, 17, 18, 19, 23, 24, 25]
2022-12-20T17:33:45.998147+0500 INFO Button = 1
2022-12-20T17:33:45.999144+0500 INFO Selected_number = 24
2022-12-20T17:33:45.999144+0500 INFO Used_numbers = [14, 20, 12, 21, 22, 5, 4, 24]
2022-12-20T17:33:45.999144+0500 INFO Not_used_numbers = [1, 2, 3, 6, 7, 8, 9, 10, 11, 13, 15, 16, 17, 18, 19, 23, 25]
2022-12-20T17:33:46.640302+0500 INFO Button = 1
2022-12-20T17:33:46.640302+0500 INFO Selected_number = 13
2022-12-20T17:33:46.640302+0500 INFO Used_numbers = [14, 20, 12, 21, 22, 5, 4, 24, 13]
2022-12-20T17:33:46.640302+0500 INFO Not_used_numbers = [1, 2, 3, 6, 7, 8, 9, 10, 11, 15, 16, 17, 18, 19, 23, 25]
2022-12-20T17:33:47.350915+0500 INFO Button = 1
2022-12-20T17:33:47.350915+0500 INFO Selected_number = 7
2022-12-20T17:33:47.350915+0500 INFO Used_numbers = [14, 20, 12, 21, 22, 5, 4, 24, 13, 7]
2022-12-20T17:33:47.350915+0500 INFO Not_used_numbers = [1, 2, 3, 6, 8, 9, 10, 11, 15, 16, 17, 18, 19, 23, 25]
2022-12-20T17:33:47.972140+0500 INFO Button = 1
2022-12-20T17:33:47.972140+0500 INFO Selected_number = 25
2022-12-20T17:33:47.972140+0500 INFO Used_numbers = [14, 20, 12, 21, 22, 5, 4, 24, 13, 7, 25]
2022-12-20T17:33:47.972140+0500 INFO Not_used_numbers = [1, 2, 3, 6, 8, 9, 10, 11, 15, 16, 17, 18, 19, 23]
2022-12-20T17:33:48.559211+0500 INFO Button = 1
2022-12-20T17:33:48.560210+0500 INFO Selected_number = 1
2022-12-20T17:33:48.560210+0500 INFO Used_numbers = [14, 20, 12, 21, 22, 5, 4, 24, 13, 7, 25, 1]
2022-12-20T17:33:48.560210+0500 INFO Not_used_numbers = [2, 3, 6, 8, 9, 10, 11, 15, 16, 17, 18, 19, 23]
2022-12-20T17:33:49.182606+0500 INFO Button = 1
2022-12-20T17:33:49.182606+0500 INFO Selected_number = 19
2022-12-20T17:33:49.182606+0500 INFO Used_numbers = [14, 20, 12, 21, 22, 5, 4, 24, 13, 7, 25, 1, 19]
2022-12-20T17:33:49.182606+0500 INFO Not_used_numbers = [2, 3, 6, 8, 9, 10, 11, 15, 16, 17, 18, 23]
2022-12-20T17:33:49.791420+0500 INFO Button = 1
2022-12-20T17:33:49.791420+0500 INFO Selected_number = 6
2022-12-20T17:33:49.791420+0500 INFO Used_numbers = [14, 20, 12, 21, 22, 5, 4, 24, 13, 7, 25, 1, 19, 6]
2022-12-20T17:33:49.791420+0500 INFO Not_used_numbers = [2, 3, 8, 9, 10, 11, 15, 16, 17, 18, 23]
2022-12-20T17:33:50.367112+0500 INFO Button = 1
2022-12-20T17:33:50.367112+0500 INFO Selected_number = 17
2022-12-20T17:33:50.367112+0500 INFO Used_numbers = [14, 20, 12, 21, 22, 5, 4, 24, 13, 7, 25, 1, 19, 6, 17]
2022-12-20T17:33:50.367112+0500 INFO Not_used_numbers = [2, 3, 8, 9, 10, 11, 15, 16, 18, 23]
2022-12-20T17:33:50.938471+0500 INFO Button = 1
2022-12-20T17:33:50.938471+0500 INFO Selected_number = 15
2022-12-20T17:33:50.938471+0500 INFO Used_numbers = [14, 20, 12, 21, 22, 5, 4, 24, 13, 7, 25, 1, 19, 6, 17, 15]
2022-12-20T17:33:50.938471+0500 INFO Not_used_numbers = [2, 3, 8, 9, 10, 11, 16, 18, 23]
2022-12-20T17:33:51.477843+0500 INFO Button = 1
2022-12-20T17:33:51.477843+0500 INFO Selected_number = 9
2022-12-20T17:33:51.477843+0500 INFO Used_numbers = [14, 20, 12, 21, 22, 5, 4, 24, 13, 7, 25, 1, 19, 6, 17, 15, 9]
2022-12-20T17:33:51.477843+0500 INFO Not_used_numbers = [2, 3, 8, 10, 11, 16, 18, 23]
2022-12-20T17:33:51.999130+0500 INFO Button = 1
2022-12-20T17:33:52.000111+0500 INFO Selected_number = 8
2022-12-20T17:33:52.000111+0500 INFO Used_numbers = [14, 20, 12, 21, 22, 5, 4, 24, 13, 7, 25, 1, 19, 6, 17, 15, 9, 8]
2022-12-20T17:33:52.000111+0500 INFO Not_used_numbers = [2, 3, 10, 11, 16, 18, 23]
2022-12-20T17:33:52.525759+0500 INFO Button = 1
2022-12-20T17:33:52.525759+0500 INFO Selected_number = 3
2022-12-20T17:33:52.525759+0500 INFO Used_numbers = [14, 20, 12, 21, 22, 5, 4, 24, 13, 7, 25, 1, 19, 6, 17, 15, 9, 8, 3]
2022-12-20T17:33:52.525759+0500 INFO Not_used_numbers = [2, 10, 11, 16, 18, 23]
2022-12-20T17:33:53.070084+0500 INFO Button = 1
2022-12-20T17:33:53.070084+0500 INFO Selected_number = 10
2022-12-20T17:33:53.070084+0500 INFO Used_numbers = [14, 20, 12, 21, 22, 5, 4, 24, 13, 7, 25, 1, 19, 6, 17, 15, 9, 8, 3, 10]
2022-12-20T17:33:53.070084+0500 INFO Not_used_numbers = [2, 11, 16, 18, 23]
2022-12-20T17:33:53.604497+0500 INFO Button = 1
2022-12-20T17:33:53.605495+0500 INFO Selected_number = 16
2022-12-20T17:33:53.605495+0500 INFO Used_numbers = [14, 20, 12, 21, 22, 5, 4, 24, 13, 7, 25, 1, 19, 6, 17, 15, 9, 8, 3, 10, 16]
2022-12-20T17:33:53.605495+0500 INFO Not_used_numbers = [2, 11, 18, 23]
2022-12-20T17:33:54.165788+0500 INFO Button = 1
2022-12-20T17:33:54.165788+0500 INFO Selected_number = 23
2022-12-20T17:33:54.165788+0500 INFO Used_numbers = [14, 20, 12, 21, 22, 5, 4, 24, 13, 7, 25, 1, 19, 6, 17, 15, 9, 8, 3, 10, 16, 23]
2022-12-20T17:33:54.165788+0500 INFO Not_used_numbers = [2, 11, 18]
2022-12-20T17:33:54.691879+0500 INFO Button = 1
2022-12-20T17:33:54.691879+0500 INFO Selected_number = 18
2022-12-20T17:33:54.691879+0500 INFO Used_numbers = [14, 20, 12, 21, 22, 5, 4, 24, 13, 7, 25, 1, 19, 6, 17, 15, 9, 8, 3, 10, 16, 23, 18]
2022-12-20T17:33:54.691879+0500 INFO Not_used_numbers = [2, 11]
2022-12-20T17:33:55.231736+0500 INFO Button = 1
2022-12-20T17:33:55.231736+0500 INFO Selected_number = 2
2022-12-20T17:33:55.231736+0500 INFO Used_numbers = [14, 20, 12, 21, 22, 5, 4, 24, 13, 7, 25, 1, 19, 6, 17, 15, 9, 8, 3, 10, 16, 23, 18, 2]
2022-12-20T17:33:55.231736+0500 INFO Not_used_numbers = [11]
2022-12-20T17:33:55.802810+0500 INFO Button = 1
2022-12-20T17:33:55.802810+0500 INFO Selected_number = 11
2022-12-20T17:33:55.802810+0500 INFO Used_numbers = [14, 20, 12, 21, 22, 5, 4, 24, 13, 7, 25, 1, 19, 6, 17, 15, 9, 8, 3, 10, 16, 23, 18, 2, 11]
2022-12-20T17:33:55.802810+0500 INFO Not_used_numbers = []
2022-12-20T17:33:55.802810+0500 INFO Program finished!
